{"/Users/annapawl/Desktop/CODE/Make_School/Front_End/JS_Libraries/String_Library/index.js": {"path":"/Users/annapawl/Desktop/CODE/Make_School/Front_End/JS_Libraries/String_Library/index.js","statementMap":{"0":{"start":{"line":3,"column":0},"end":{"line":5,"column":1}},"1":{"start":{"line":4,"column":2},"end":{"line":4,"column":46}},"2":{"start":{"line":9,"column":0},"end":{"line":13,"column":1}},"3":{"start":{"line":10,"column":2},"end":{"line":12,"column":14}},"4":{"start":{"line":11,"column":4},"end":{"line":11,"column":48}},"5":{"start":{"line":17,"column":0},"end":{"line":19,"column":1}},"6":{"start":{"line":18,"column":2},"end":{"line":18,"column":27}},"7":{"start":{"line":23,"column":0},"end":{"line":25,"column":1}},"8":{"start":{"line":24,"column":2},"end":{"line":24,"column":32}},"9":{"start":{"line":29,"column":0},"end":{"line":31,"column":1}},"10":{"start":{"line":30,"column":2},"end":{"line":30,"column":20}},"11":{"start":{"line":35,"column":0},"end":{"line":43,"column":1}},"12":{"start":{"line":36,"column":17},"end":{"line":36,"column":19}},"13":{"start":{"line":37,"column":2},"end":{"line":41,"column":5}},"14":{"start":{"line":38,"column":4},"end":{"line":40,"column":5}},"15":{"start":{"line":39,"column":6},"end":{"line":39,"column":31}},"16":{"start":{"line":42,"column":2},"end":{"line":42,"column":26}},"17":{"start":{"line":47,"column":0},"end":{"line":49,"column":1}},"18":{"start":{"line":48,"column":2},"end":{"line":48,"column":48}},"19":{"start":{"line":53,"column":0},"end":{"line":55,"column":1}},"20":{"start":{"line":54,"column":2},"end":{"line":54,"column":48}},"21":{"start":{"line":59,"column":0},"end":{"line":63,"column":1}},"22":{"start":{"line":60,"column":16},"end":{"line":60,"column":69}},"23":{"start":{"line":61,"column":2},"end":{"line":61,"column":36}},"24":{"start":{"line":62,"column":2},"end":{"line":62,"column":24}}},"fnMap":{"0":{"name":"(anonymous_0)","decl":{"start":{"line":3,"column":35},"end":{"line":3,"column":36}},"loc":{"start":{"line":3,"column":47},"end":{"line":5,"column":1}},"line":3},"1":{"name":"(anonymous_1)","decl":{"start":{"line":9,"column":34},"end":{"line":9,"column":35}},"loc":{"start":{"line":9,"column":46},"end":{"line":13,"column":1}},"line":9},"2":{"name":"(anonymous_2)","decl":{"start":{"line":10,"column":29},"end":{"line":10,"column":30}},"loc":{"start":{"line":10,"column":39},"end":{"line":12,"column":3}},"line":10},"3":{"name":"(anonymous_3)","decl":{"start":{"line":17,"column":29},"end":{"line":17,"column":30}},"loc":{"start":{"line":17,"column":41},"end":{"line":19,"column":1}},"line":17},"4":{"name":"(anonymous_4)","decl":{"start":{"line":23,"column":35},"end":{"line":23,"column":36}},"loc":{"start":{"line":23,"column":47},"end":{"line":25,"column":1}},"line":23},"5":{"name":"(anonymous_5)","decl":{"start":{"line":29,"column":35},"end":{"line":29,"column":36}},"loc":{"start":{"line":29,"column":47},"end":{"line":31,"column":1}},"line":29},"6":{"name":"(anonymous_6)","decl":{"start":{"line":35,"column":38},"end":{"line":35,"column":39}},"loc":{"start":{"line":35,"column":50},"end":{"line":43,"column":1}},"line":35},"7":{"name":"(anonymous_7)","decl":{"start":{"line":37,"column":33},"end":{"line":37,"column":34}},"loc":{"start":{"line":37,"column":43},"end":{"line":41,"column":3}},"line":37},"8":{"name":"(anonymous_8)","decl":{"start":{"line":47,"column":29},"end":{"line":47,"column":30}},"loc":{"start":{"line":47,"column":41},"end":{"line":49,"column":1}},"line":47},"9":{"name":"(anonymous_9)","decl":{"start":{"line":53,"column":29},"end":{"line":53,"column":30}},"loc":{"start":{"line":53,"column":41},"end":{"line":55,"column":1}},"line":53},"10":{"name":"(anonymous_10)","decl":{"start":{"line":59,"column":29},"end":{"line":59,"column":30}},"loc":{"start":{"line":59,"column":41},"end":{"line":63,"column":1}},"line":59}},"branchMap":{"0":{"loc":{"start":{"line":38,"column":4},"end":{"line":40,"column":5}},"type":"if","locations":[{"start":{"line":38,"column":4},"end":{"line":40,"column":5}},{"start":{"line":38,"column":4},"end":{"line":40,"column":5}}],"line":38}},"s":{"0":1,"1":3,"2":1,"3":5,"4":12,"5":1,"6":4,"7":1,"8":2,"9":1,"10":3,"11":1,"12":6,"13":6,"14":27,"15":17,"16":6,"17":1,"18":5,"19":1,"20":5,"21":1,"22":3,"23":3,"24":3},"f":{"0":3,"1":5,"2":12,"3":4,"4":2,"5":3,"6":6,"7":27,"8":5,"9":5,"10":3},"b":{"0":[17,10]},"_coverageSchema":"43e27e138ebf9cfc5966b082cf9a028302ed4184","hash":"4bcba4915f214f55e26dcee2fa0b8e7ee68d3a48"}
}
