TN:
SF:/Users/annapawl/Desktop/CODE/Make_School/Front_End/JS_Libraries/String_Library/src/index.js
FN:3,(anonymous_0)
FN:8,(anonymous_1)
FN:9,(anonymous_2)
FN:15,(anonymous_3)
FN:20,(anonymous_4)
FN:25,(anonymous_5)
FN:30,(anonymous_6)
FN:32,(anonymous_7)
FN:41,(anonymous_8)
FN:46,(anonymous_9)
FN:51,(anonymous_10)
FNF:11
FNH:11
FNDA:3,(anonymous_0)
FNDA:5,(anonymous_1)
FNDA:12,(anonymous_2)
FNDA:4,(anonymous_3)
FNDA:2,(anonymous_4)
FNDA:3,(anonymous_5)
FNDA:6,(anonymous_6)
FNDA:27,(anonymous_7)
FNDA:5,(anonymous_8)
FNDA:5,(anonymous_9)
FNDA:3,(anonymous_10)
DA:3,1
DA:4,3
DA:8,1
DA:9,5
DA:10,12
DA:15,1
DA:16,4
DA:20,1
DA:21,2
DA:25,1
DA:26,3
DA:30,1
DA:31,6
DA:32,6
DA:33,27
DA:34,17
DA:37,6
DA:41,1
DA:42,5
DA:46,1
DA:47,5
DA:51,1
DA:52,3
DA:53,3
DA:54,3
LF:25
LH:25
BRDA:33,0,0,17
BRDA:33,0,1,10
BRF:2
BRH:2
end_of_record
