TN:
SF:/Users/annapawl/Desktop/CODE/Make_School/Front_End/JS_Libraries/String_Library/index.js
FN:3,(anonymous_0)
FN:9,(anonymous_1)
FN:10,(anonymous_2)
FN:17,(anonymous_3)
FN:23,(anonymous_4)
FN:29,(anonymous_5)
FN:35,(anonymous_6)
FN:37,(anonymous_7)
FN:47,(anonymous_8)
FN:53,(anonymous_9)
FN:59,(anonymous_10)
FNF:11
FNH:11
FNDA:3,(anonymous_0)
FNDA:5,(anonymous_1)
FNDA:12,(anonymous_2)
FNDA:4,(anonymous_3)
FNDA:2,(anonymous_4)
FNDA:3,(anonymous_5)
FNDA:6,(anonymous_6)
FNDA:27,(anonymous_7)
FNDA:5,(anonymous_8)
FNDA:5,(anonymous_9)
FNDA:3,(anonymous_10)
DA:3,1
DA:4,3
DA:9,1
DA:10,5
DA:11,12
DA:17,1
DA:18,4
DA:23,1
DA:24,2
DA:29,1
DA:30,3
DA:35,1
DA:36,6
DA:37,6
DA:38,27
DA:39,17
DA:42,6
DA:47,1
DA:48,5
DA:53,1
DA:54,5
DA:59,1
DA:60,3
DA:61,3
DA:62,3
LF:25
LH:25
BRDA:38,0,0,17
BRDA:38,0,1,10
BRF:2
BRH:2
end_of_record
